0 info it worked if it ends with ok
1 verbose cli [ 'node',
1 verbose cli   '/Users/ayushdash/.nvm/v0.10.32/bin/npm',
1 verbose cli   'run',
1 verbose cli   'check' ]
2 info using npm@2.14.2
3 info using node@v0.10.32
4 verbose run-script [ 'precheck', 'check', 'postcheck' ]
5 info precheck mattermost-webapp@0.0.1
6 info check mattermost-webapp@0.0.1
7 verbose unsafe-perm in lifecycle true
8 info mattermost-webapp@0.0.1 Failed to exec check script
9 verbose stack Error: mattermost-webapp@0.0.1 check: `eslint --ignore-pattern node_modules --ignore-pattern non_npm_dependencies --ignore-pattern dist --ext .js --ext .jsx . --quiet`
9 verbose stack Exit status 8
9 verbose stack     at EventEmitter.<anonymous> (/Users/ayushdash/.nvm/v0.10.32/lib/node_modules/npm/lib/utils/lifecycle.js:214:16)
9 verbose stack     at EventEmitter.emit (events.js:98:17)
9 verbose stack     at ChildProcess.<anonymous> (/Users/ayushdash/.nvm/v0.10.32/lib/node_modules/npm/lib/utils/spawn.js:24:14)
9 verbose stack     at ChildProcess.emit (events.js:98:17)
9 verbose stack     at maybeClose (child_process.js:756:16)
9 verbose stack     at Process.ChildProcess._handle.onexit (child_process.js:823:5)
10 verbose pkgid mattermost-webapp@0.0.1
11 verbose cwd /Users/ayushdash/gocode/src/github.com/mattermost/mattermost-webapp
12 error Darwin 18.7.0
13 error argv "node" "/Users/ayushdash/.nvm/v0.10.32/bin/npm" "run" "check"
14 error node v0.10.32
15 error npm  v2.14.2
16 error code ELIFECYCLE
17 error mattermost-webapp@0.0.1 check: `eslint --ignore-pattern node_modules --ignore-pattern non_npm_dependencies --ignore-pattern dist --ext .js --ext .jsx . --quiet`
17 error Exit status 8
18 error Failed at the mattermost-webapp@0.0.1 check script 'eslint --ignore-pattern node_modules --ignore-pattern non_npm_dependencies --ignore-pattern dist --ext .js --ext .jsx . --quiet'.
18 error This is most likely a problem with the mattermost-webapp package,
18 error not with npm itself.
18 error Tell the author that this fails on your system:
18 error     eslint --ignore-pattern node_modules --ignore-pattern non_npm_dependencies --ignore-pattern dist --ext .js --ext .jsx . --quiet
18 error You can get their info via:
18 error     npm owner ls mattermost-webapp
18 error There is likely additional logging output above.
19 verbose exit [ 1, true ]
